<?xml version="1.0" encoding="UTF-8"?>
<!-- Generated by org.testng.reporters.JUnitReportReporter -->
<testsuite skipped="4" hostname="DESKTOP-QL9EG6H" name="com.greenkart.testCases.HomePageTest" tests="5" failures="0" timestamp="2021-07-25T11:57:47 IST" time="22.494" errors="0">
  <testcase name="verifyProductInCart" time="22.494" classname="com.greenkart.testCases.HomePageTest"/>
  <system-out/>
  <testcase name="verifyTitleOfPage" classname="com.greenkart.testCases.HomePageTest">
    <skipped/>
  </testcase> <!-- verifyTitleOfPage -->
  <system-out/>
  <testcase name="verifyLogoOfHomePage" classname="com.greenkart.testCases.HomePageTest">
    <skipped/>
  </testcase> <!-- verifyLogoOfHomePage -->
  <system-out/>
  <testcase name="VerifyTopDealsLink" classname="com.greenkart.testCases.HomePageTest">
    <skipped/>
  </testcase> <!-- VerifyTopDealsLink -->
  <system-out/>
  <testcase name="VerifyFlightBookingLink" classname="com.greenkart.testCases.HomePageTest">
    <skipped/>
  </testcase> <!-- VerifyFlightBookingLink -->
  <system-out/>
</testsuite> <!-- com.greenkart.testCases.HomePageTest -->
